<?xml version="1.0" encoding="UTF-8"?>
<!-- Generated by org.testng.reporters.JUnitReportReporter -->
<testsuite skipped="0" hostname="DESKTOP-NMH8UGV" name="test.LoginTest" tests="1" failures="0" timestamp="2020-05-17T13:04:12 CDT" time="7.797" errors="0">
  <testcase name="loginTest" time="7.797" classname="test.LoginTest"/>
  <system-out/>
</testsuite> <!-- test.LoginTest -->
